[      48ms] [LOG] %c[Vercel Speed Insights]%c [vitals] color: rgb(120, 120, 120) color: inherit {speed: 4g, metrics: Array(3), scriptVersion: 0.1.3, sdkName: @vercel/speed-insights/next, sdkVersion: 1.3.1} /_vercel/speed-insights/vitals @ http://localhost:3000/_next/static/chunks/node_modules_next_dist_f3530cac._.js:2297
[      48ms] [LOG] %c[Vercel Speed Insights]%c [vitals] color: rgb(120, 120, 120) color: inherit {speed: 4g, metrics: Array(1), scriptVersion: 0.1.3, sdkName: @vercel/speed-insights/next, sdkVersion: 1.3.1} /_vercel/speed-insights/vitals @ http://localhost:3000/_next/static/chunks/node_modules_next_dist_f3530cac._.js:2297
[      88ms] [INFO] %cDownload the React DevTools for a better development experience: https://react.dev/link/react-devtools font-weight:bold @ http://localhost:3000/_next/static/chunks/node_modules_next_dist_f3530cac._.js:2297
[     102ms] [LOG] [HMR] connected @ http://localhost:3000/_next/static/chunks/node_modules_next_dist_f3530cac._.js:2297
[     129ms] [WARNING] Image with src "/logo.svg" was detected as the Largest Contentful Paint (LCP). Please add the `loading="eager"` property if this image is above the fold.
Read more: https://nextjs.org/docs/app/api-reference/components/image#loading @ http://localhost:3000/_next/static/chunks/node_modules_next_dist_f3530cac._.js:2297
[     135ms] [WARNING] Image with src "http://localhost:3000/logo.svg" has either width or height modified, but not the other. If you use CSS to change the size of your image, also include the styles 'width: "auto"' or 'height: "auto"' to maintain the aspect ratio. @ http://localhost:3000/_next/static/chunks/node_modules_next_dist_f3530cac._.js:2297
[     146ms] [LOG] %c[Vercel Web Analytics]%c Debug mode is enabled by default in development. No requests will be sent to the server. color: rgb(120, 120, 120) color: inherit @ http://localhost:3000/_next/static/chunks/node_modules_next_dist_f3530cac._.js:2297
[     146ms] [LOG] %c[Vercel Web Analytics]%c [view] http://localhost:3000/contact color: rgb(120, 120, 120) color: inherit {o: http://localhost:3000/contact, sv: 0.1.3, sdkn: @vercel/analytics/react, sdkv: 1.6.1, ts: 1775676643218} /_vercel/insights/view @ http://localhost:3000/_next/static/chunks/node_modules_next_dist_f3530cac._.js:2297
[     147ms] [LOG] %c[Vercel Speed Insights]%c Debug mode is enabled by default in development. No requests will be sent to the server. color: rgb(120, 120, 120) color: inherit @ http://localhost:3000/_next/static/chunks/node_modules_next_dist_f3530cac._.js:2297
[  113887ms] [LOG] [Fast Refresh] rebuilding @ http://localhost:3000/_next/static/chunks/node_modules_next_dist_f3530cac._.js:2297
[  114358ms] [WARNING] [HMR] Invalid message: {"isTrusted":true}
TypeError: Cannot convert undefined or null to object
    at Object.keys (<anonymous>)
    at extractModulesFromTurbopackMessage (http://localhost:3000/_next/static/chunks/node_modules_next_dist_client_17643121._.js:11210:39)
    at TurbopackHmr.onTurbopackMessage (http://localhost:3000/_next/static/chunks/node_modules_next_dist_client_17643121._.js:11157:32)
    at processMessage (http://localhost:3000/_next/static/chunks/node_modules_next_dist_client_17643121._.js:11589:30)
    at WebSocket.handleMessage (http://localhost:3000/_next/static/chunks/node_modules_next_dist_client_17643121._.js:10914:52) @ http://localhost:3000/_next/static/chunks/node_modules_next_dist_f3530cac._.js:2297
[  114358ms] [LOG] [Fast Refresh] done in 532ms @ http://localhost:3000/_next/static/chunks/node_modules_next_dist_f3530cac._.js:2297
[  114648ms] [LOG] %c[Vercel Speed Insights]%c [vitals] color: rgb(120, 120, 120) color: inherit {speed: 4g, metrics: Array(3), scriptVersion: 0.1.3, sdkName: @vercel/speed-insights/next, sdkVersion: 1.3.1} /_vercel/speed-insights/vitals @ http://localhost:3000/_next/static/chunks/node_modules_next_dist_f3530cac._.js:2297
[  114648ms] [LOG] %c[Vercel Speed Insights]%c [vitals] color: rgb(120, 120, 120) color: inherit {speed: 4g, metrics: Array(1), scriptVersion: 0.1.3, sdkName: @vercel/speed-insights/next, sdkVersion: 1.3.1} /_vercel/speed-insights/vitals @ http://localhost:3000/_next/static/chunks/node_modules_next_dist_f3530cac._.js:2297
[  114744ms] [INFO] %cDownload the React DevTools for a better development experience: https://react.dev/link/react-devtools font-weight:bold @ http://localhost:3000/_next/static/chunks/node_modules_next_dist_f3530cac._.js:2297
[  114763ms] [LOG] [HMR] connected @ http://localhost:3000/_next/static/chunks/node_modules_next_dist_f3530cac._.js:2297
[  114784ms] [WARNING] Image with src "/logo.svg" was detected as the Largest Contentful Paint (LCP). Please add the `loading="eager"` property if this image is above the fold.
Read more: https://nextjs.org/docs/app/api-reference/components/image#loading @ http://localhost:3000/_next/static/chunks/node_modules_next_dist_f3530cac._.js:2297
[  114807ms] [WARNING] Image with src "http://localhost:3000/logo.svg" has either width or height modified, but not the other. If you use CSS to change the size of your image, also include the styles 'width: "auto"' or 'height: "auto"' to maintain the aspect ratio. @ http://localhost:3000/_next/static/chunks/node_modules_next_dist_f3530cac._.js:2297
[  114814ms] [LOG] %c[Vercel Web Analytics]%c Debug mode is enabled by default in development. No requests will be sent to the server. color: rgb(120, 120, 120) color: inherit @ http://localhost:3000/_next/static/chunks/node_modules_next_dist_f3530cac._.js:2297
[  114815ms] [LOG] %c[Vercel Web Analytics]%c [view] http://localhost:3000/contact color: rgb(120, 120, 120) color: inherit {o: http://localhost:3000/contact, sv: 0.1.3, sdkn: @vercel/analytics/react, sdkv: 1.6.1, ts: 1775676757887} /_vercel/insights/view @ http://localhost:3000/_next/static/chunks/node_modules_next_dist_f3530cac._.js:2297
[  114832ms] [LOG] %c[Vercel Speed Insights]%c Debug mode is enabled by default in development. No requests will be sent to the server. color: rgb(120, 120, 120) color: inherit @ http://localhost:3000/_next/static/chunks/node_modules_next_dist_f3530cac._.js:2297
[  289331ms] [LOG] [Fast Refresh] rebuilding @ http://localhost:3000/_next/static/chunks/node_modules_next_dist_f3530cac._.js:2297
[  294036ms] [ERROR] WebSocket connection to 'ws://localhost:3000/_next/webpack-hmr?id=XR63rS8zxU6NSjzfeltCz' failed: Error in connection establishment: net::ERR_CONNECTION_REFUSED @ http://localhost:3000/_next/static/chunks/node_modules_next_dist_client_17643121._.js:10878
[  297398ms] [ERROR] WebSocket connection to 'ws://localhost:3000/_next/webpack-hmr?id=XR63rS8zxU6NSjzfeltCz' failed: Error in connection establishment: net::ERR_CONNECTION_REFUSED @ http://localhost:3000/_next/static/chunks/node_modules_next_dist_client_17643121._.js:10878
[  300767ms] [ERROR] WebSocket connection to 'ws://localhost:3000/_next/webpack-hmr?id=XR63rS8zxU6NSjzfeltCz' failed: Error in connection establishment: net::ERR_CONNECTION_REFUSED @ http://localhost:3000/_next/static/chunks/node_modules_next_dist_client_17643121._.js:10878
[  304118ms] [ERROR] WebSocket connection to 'ws://localhost:3000/_next/webpack-hmr?id=XR63rS8zxU6NSjzfeltCz' failed: Error in connection establishment: net::ERR_CONNECTION_REFUSED @ http://localhost:3000/_next/static/chunks/node_modules_next_dist_client_17643121._.js:10878
[  307473ms] [ERROR] WebSocket connection to 'ws://localhost:3000/_next/webpack-hmr?id=XR63rS8zxU6NSjzfeltCz' failed: Error in connection establishment: net::ERR_CONNECTION_REFUSED @ http://localhost:3000/_next/static/chunks/node_modules_next_dist_client_17643121._.js:10878
[  314844ms] [ERROR] WebSocket connection to 'ws://localhost:3000/_next/webpack-hmr?id=XR63rS8zxU6NSjzfeltCz' failed: Error in connection establishment: net::ERR_CONNECTION_REFUSED @ http://localhost:3000/_next/static/chunks/node_modules_next_dist_client_17643121._.js:10878
[  322196ms] [ERROR] WebSocket connection to 'ws://localhost:3000/_next/webpack-hmr?id=XR63rS8zxU6NSjzfeltCz' failed: Error in connection establishment: net::ERR_CONNECTION_REFUSED @ http://localhost:3000/_next/static/chunks/node_modules_next_dist_client_17643121._.js:10878
[  329547ms] [ERROR] WebSocket connection to 'ws://localhost:3000/_next/webpack-hmr?id=XR63rS8zxU6NSjzfeltCz' failed: Error in connection establishment: net::ERR_CONNECTION_REFUSED @ http://localhost:3000/_next/static/chunks/node_modules_next_dist_client_17643121._.js:10878
[  336895ms] [ERROR] WebSocket connection to 'ws://localhost:3000/_next/webpack-hmr?id=XR63rS8zxU6NSjzfeltCz' failed: Error in connection establishment: net::ERR_CONNECTION_REFUSED @ http://localhost:3000/_next/static/chunks/node_modules_next_dist_client_17643121._.js:10878
[  344263ms] [ERROR] WebSocket connection to 'ws://localhost:3000/_next/webpack-hmr?id=XR63rS8zxU6NSjzfeltCz' failed: Error in connection establishment: net::ERR_CONNECTION_REFUSED @ http://localhost:3000/_next/static/chunks/node_modules_next_dist_client_17643121._.js:10878
[  351623ms] [ERROR] WebSocket connection to 'ws://localhost:3000/_next/webpack-hmr?id=XR63rS8zxU6NSjzfeltCz' failed: Error in connection establishment: net::ERR_CONNECTION_REFUSED @ http://localhost:3000/_next/static/chunks/node_modules_next_dist_client_17643121._.js:10878
[  359121ms] [LOG] [HMR] connected @ http://localhost:3000/_next/static/chunks/node_modules_next_dist_f3530cac._.js:2297
[  360637ms] [LOG] %c[Vercel Speed Insights]%c [vitals] color: rgb(120, 120, 120) color: inherit {speed: 4g, metrics: Array(3), scriptVersion: 0.1.3, sdkName: @vercel/speed-insights/next, sdkVersion: 1.3.1} /_vercel/speed-insights/vitals @ http://localhost:3000/_next/static/chunks/node_modules_next_dist_f3530cac._.js:2297
[  360638ms] [LOG] %c[Vercel Speed Insights]%c [vitals] color: rgb(120, 120, 120) color: inherit {speed: 4g, metrics: Array(1), scriptVersion: 0.1.3, sdkName: @vercel/speed-insights/next, sdkVersion: 1.3.1} /_vercel/speed-insights/vitals @ http://localhost:3000/_next/static/chunks/node_modules_next_dist_f3530cac._.js:2297
[  360697ms] [INFO] %cDownload the React DevTools for a better development experience: https://react.dev/link/react-devtools font-weight:bold @ http://localhost:3000/_next/static/chunks/node_modules_next_dist_115brz8._.js:2431
[  360750ms] [LOG] [HMR] connected @ http://localhost:3000/_next/static/chunks/node_modules_next_dist_115brz8._.js:2431
[  360787ms] [WARNING] Image with src "/logo.svg" was detected as the Largest Contentful Paint (LCP). Please add the `loading="eager"` property if this image is above the fold.
Read more: https://nextjs.org/docs/app/api-reference/components/image#loading @ http://localhost:3000/_next/static/chunks/node_modules_next_dist_115brz8._.js:2431
[  360819ms] [WARNING] Image with src "http://localhost:3000/logo.svg" has either width or height modified, but not the other. If you use CSS to change the size of your image, also include the styles 'width: "auto"' or 'height: "auto"' to maintain the aspect ratio. @ http://localhost:3000/_next/static/chunks/node_modules_next_dist_115brz8._.js:2431
[  360821ms] [LOG] %c[Vercel Web Analytics]%c Debug mode is enabled by default in development. No requests will be sent to the server. color: rgb(120, 120, 120) color: inherit @ http://localhost:3000/_next/static/chunks/node_modules_next_dist_115brz8._.js:2431
[  360822ms] [LOG] %c[Vercel Web Analytics]%c [view] http://localhost:3000/contact color: rgb(120, 120, 120) color: inherit {o: http://localhost:3000/contact, sv: 0.1.3, sdkn: @vercel/analytics/react, sdkv: 2.0.1, ts: 1775677003894} /_vercel/insights/view @ http://localhost:3000/_next/static/chunks/node_modules_next_dist_115brz8._.js:2431
[  360841ms] [LOG] %c[Vercel Speed Insights]%c Debug mode is enabled by default in development. No requests will be sent to the server. color: rgb(120, 120, 120) color: inherit @ http://localhost:3000/_next/static/chunks/node_modules_next_dist_115brz8._.js:2431
[  364229ms] [LOG] [Fast Refresh] rebuilding @ http://localhost:3000/_next/static/chunks/node_modules_next_dist_115brz8._.js:2431
[  364387ms] [LOG] [Fast Refresh] done in 258ms @ http://localhost:3000/_next/static/chunks/node_modules_next_dist_115brz8._.js:2431
[  463207ms] [LOG] [HMR] connected @ http://localhost:3000/_next/static/chunks/node_modules_next_dist_115brz8._.js:2431
[  463546ms] [LOG] %c[Vercel Speed Insights]%c [vitals] color: rgb(120, 120, 120) color: inherit {speed: 4g, metrics: Array(3), scriptVersion: 0.1.3, sdkName: @vercel/speed-insights/next, sdkVersion: 2.0.0} /_vercel/speed-insights/vitals @ http://localhost:3000/_next/static/chunks/node_modules_next_dist_115brz8._.js:2431
[  463547ms] [LOG] %c[Vercel Speed Insights]%c [vitals] color: rgb(120, 120, 120) color: inherit {speed: 4g, metrics: Array(1), scriptVersion: 0.1.3, sdkName: @vercel/speed-insights/next, sdkVersion: 2.0.0} /_vercel/speed-insights/vitals @ http://localhost:3000/_next/static/chunks/node_modules_next_dist_115brz8._.js:2431
[  463601ms] [INFO] %cDownload the React DevTools for a better development experience: https://react.dev/link/react-devtools font-weight:bold @ http://localhost:3000/_next/static/chunks/node_modules_next_dist_115brz8._.js:2431
[  463614ms] [LOG] [HMR] connected @ http://localhost:3000/_next/static/chunks/node_modules_next_dist_115brz8._.js:2431
[  463631ms] [WARNING] Image with src "/logo.svg" was detected as the Largest Contentful Paint (LCP). Please add the `loading="eager"` property if this image is above the fold.
Read more: https://nextjs.org/docs/app/api-reference/components/image#loading @ http://localhost:3000/_next/static/chunks/node_modules_next_dist_115brz8._.js:2431
[  463646ms] [WARNING] Image with src "http://localhost:3000/logo.svg" has either width or height modified, but not the other. If you use CSS to change the size of your image, also include the styles 'width: "auto"' or 'height: "auto"' to maintain the aspect ratio. @ http://localhost:3000/_next/static/chunks/node_modules_next_dist_115brz8._.js:2431
[  463647ms] [LOG] %c[Vercel Web Analytics]%c Debug mode is enabled by default in development. No requests will be sent to the server. color: rgb(120, 120, 120) color: inherit @ http://localhost:3000/_next/static/chunks/node_modules_next_dist_115brz8._.js:2431
[  463647ms] [LOG] %c[Vercel Web Analytics]%c [view] http://localhost:3000/contact color: rgb(120, 120, 120) color: inherit {o: http://localhost:3000/contact, sv: 0.1.3, sdkn: @vercel/analytics/react, sdkv: 2.0.1, ts: 1775677106720} /_vercel/insights/view @ http://localhost:3000/_next/static/chunks/node_modules_next_dist_115brz8._.js:2431
[  463661ms] [LOG] %c[Vercel Speed Insights]%c Debug mode is enabled by default in development. No requests will be sent to the server. color: rgb(120, 120, 120) color: inherit @ http://localhost:3000/_next/static/chunks/node_modules_next_dist_115brz8._.js:2431
[  472802ms] [LOG] [Fast Refresh] rebuilding @ http://localhost:3000/_next/static/chunks/node_modules_next_dist_115brz8._.js:2431
[  472905ms] [LOG] [Fast Refresh] done in 57ms @ http://localhost:3000/_next/static/chunks/node_modules_next_dist_115brz8._.js:2431
[  473004ms] Error: Element type is invalid: expected a string (for built-in components) or a class/function (for composite components) but got: undefined. You likely forgot to export your component from the file it's defined in, or you might have mixed up default and named imports.

Check the render method of `RootLayout`.
    at createFiberFromTypeAndProps (http://localhost:3000/_next/static/chunks/node_modules_next_dist_compiled_react-dom_058-ah~._.js:3167:32)
    at createFiberFromElement (http://localhost:3000/_next/static/chunks/node_modules_next_dist_compiled_react-dom_058-ah~._.js:3178:16)
    at reconcileChildFibersImpl (http://localhost:3000/_next/static/chunks/node_modules_next_dist_compiled_react-dom_058-ah~._.js:4206:421)
    at http://localhost:3000/_next/static/chunks/node_modules_next_dist_compiled_react-dom_058-ah~._.js:4261:39
    at reconcileChildren (http://localhost:3000/_next/static/chunks/node_modules_next_dist_compiled_react-dom_058-ah~._.js:5898:119)
    at beginWork (http://localhost:3000/_next/static/chunks/node_modules_next_dist_compiled_react-dom_058-ah~._.js:6758:1573)
    at runWithFiberInDEV (http://localhost:3000/_next/static/chunks/node_modules_next_dist_compiled_react-dom_058-ah~._.js:965:74)
    at performUnitOfWork (http://localhost:3000/_next/static/chunks/node_modules_next_dist_compiled_react-dom_058-ah~._.js:9555:97)
    at workLoopSync (http://localhost:3000/_next/static/chunks/node_modules_next_dist_compiled_react-dom_058-ah~._.js:9449:40)
    at renderRootSync (http://localhost:3000/_next/static/chunks/node_modules_next_dist_compiled_react-dom_058-ah~._.js:9433:13)
    at performWorkOnRoot (http://localhost:3000/_next/static/chunks/node_modules_next_dist_compiled_react-dom_058-ah~._.js:9098:47)
    at performWorkOnRootViaSchedulerTask (http://localhost:3000/_next/static/chunks/node_modules_next_dist_compiled_react-dom_058-ah~._.js:10255:9)
    at MessagePort.performWorkUntilDeadline (http://localhost:3000/_next/static/chunks/node_modules_next_dist_compiled_0rpq4pf._.js:2647:64)
[  484714ms] [LOG] [HMR] connected @ http://localhost:3000/_next/static/chunks/node_modules_next_dist_115brz8._.js:2431
[  485374ms] [LOG] %c[Vercel Speed Insights]%c [vitals] color: rgb(120, 120, 120) color: inherit {speed: 4g, metrics: Array(3), scriptVersion: 0.1.3, sdkName: @vercel/speed-insights/next, sdkVersion: 2.0.0} /_vercel/speed-insights/vitals @ http://localhost:3000/_next/static/chunks/node_modules_next_dist_115brz8._.js:2431
[  485374ms] [LOG] %c[Vercel Speed Insights]%c [vitals] color: rgb(120, 120, 120) color: inherit {speed: 4g, metrics: Array(1), scriptVersion: 0.1.3, sdkName: @vercel/speed-insights/next, sdkVersion: 2.0.0} /_vercel/speed-insights/vitals @ http://localhost:3000/_next/static/chunks/node_modules_next_dist_115brz8._.js:2431
[  485375ms] [ERROR] Failed to load resource: the server responded with a status of 500 (Internal Server Error) @ http://localhost:3000/contact:0
[  485401ms] [INFO] %cDownload the React DevTools for a better development experience: https://react.dev/link/react-devtools font-weight:bold @ http://localhost:3000/_next/static/chunks/node_modules_next_dist_115brz8._.js:2431
[  485413ms] [LOG] [HMR] connected @ http://localhost:3000/_next/static/chunks/node_modules_next_dist_115brz8._.js:2431
[  485425ms] [ERROR] Encountered a script tag while rendering React component. Scripts inside React components are never executed when rendering on the client. Consider using template tag instead (https://developer.mozilla.org/en-US/docs/Web/HTML/Element/template). @ http://localhost:3000/_next/static/chunks/node_modules_next_dist_115brz8._.js:3272
[  485452ms] Error: Element type is invalid: expected a string (for built-in components) or a class/function (for composite components) but got: undefined. You likely forgot to export your component from the file it's defined in, or you might have mixed up default and named imports.

Check the render method of `RootLayout`.
    at createFiberFromTypeAndProps (http://localhost:3000/_next/static/chunks/node_modules_next_dist_compiled_react-dom_058-ah~._.js:3167:32)
    at createFiberFromElement (http://localhost:3000/_next/static/chunks/node_modules_next_dist_compiled_react-dom_058-ah~._.js:3178:16)
    at reconcileChildFibersImpl (http://localhost:3000/_next/static/chunks/node_modules_next_dist_compiled_react-dom_058-ah~._.js:4206:421)
    at reconcileChildFibersImpl (http://localhost:3000/_next/static/chunks/node_modules_next_dist_compiled_react-dom_058-ah~._.js:4234:132)
    at http://localhost:3000/_next/static/chunks/node_modules_next_dist_compiled_react-dom_058-ah~._.js:4261:39
    at reconcileChildren (http://localhost:3000/_next/static/chunks/node_modules_next_dist_compiled_react-dom_058-ah~._.js:5898:51)
    at beginWork (http://localhost:3000/_next/static/chunks/node_modules_next_dist_compiled_react-dom_058-ah~._.js:6758:1573)
    at runWithFiberInDEV (http://localhost:3000/_next/static/chunks/node_modules_next_dist_compiled_react-dom_058-ah~._.js:965:74)
    at performUnitOfWork (http://localhost:3000/_next/static/chunks/node_modules_next_dist_compiled_react-dom_058-ah~._.js:9555:97)
    at workLoopSync (http://localhost:3000/_next/static/chunks/node_modules_next_dist_compiled_react-dom_058-ah~._.js:9449:40)
    at renderRootSync (http://localhost:3000/_next/static/chunks/node_modules_next_dist_compiled_react-dom_058-ah~._.js:9433:13)
    at performWorkOnRoot (http://localhost:3000/_next/static/chunks/node_modules_next_dist_compiled_react-dom_058-ah~._.js:9098:47)
    at performWorkOnRootViaSchedulerTask (http://localhost:3000/_next/static/chunks/node_modules_next_dist_compiled_react-dom_058-ah~._.js:10255:9)
    at MessagePort.performWorkUntilDeadline (http://localhost:3000/_next/static/chunks/node_modules_next_dist_compiled_0rpq4pf._.js:2647:64)
[  485463ms] [ERROR] Failed to load resource: the server responded with a status of 404 (Not Found) @ http://localhost:3000/favicon.ico:0
[  537438ms] [LOG] [Fast Refresh] rebuilding @ http://localhost:3000/_next/static/chunks/node_modules_next_dist_115brz8._.js:2431
[  537626ms] [LOG] [Fast Refresh] done in 295ms @ http://localhost:3000/_next/static/chunks/node_modules_next_dist_115brz8._.js:2431
[  547424ms] [LOG] [Fast Refresh] rebuilding @ http://localhost:3000/_next/static/chunks/node_modules_next_dist_115brz8._.js:2431
[  547705ms] [LOG] [Fast Refresh] done in 44ms @ http://localhost:3000/_next/static/chunks/node_modules_next_dist_115brz8._.js:2431
[  547713ms] [ERROR] Failed to load resource: the server responded with a status of 500 (Internal Server Error) @ http://localhost:3000/contact:0
[  547959ms] [INFO] %cDownload the React DevTools for a better development experience: https://react.dev/link/react-devtools font-weight:bold @ http://localhost:3000/_next/static/chunks/node_modules_next_dist_115brz8._.js:2431
[  547976ms] [LOG] [HMR] connected @ http://localhost:3000/_next/static/chunks/node_modules_next_dist_115brz8._.js:2431
[  547985ms] [ERROR] Encountered a script tag while rendering React component. Scripts inside React components are never executed when rendering on the client. Consider using template tag instead (https://developer.mozilla.org/en-US/docs/Web/HTML/Element/template). @ http://localhost:3000/_next/static/chunks/node_modules_next_dist_115brz8._.js:3272
[  548013ms] Error: Element type is invalid: expected a string (for built-in components) or a class/function (for composite components) but got: undefined. You likely forgot to export your component from the file it's defined in, or you might have mixed up default and named imports.

Check the render method of `RootLayout`.
    at createFiberFromTypeAndProps (http://localhost:3000/_next/static/chunks/node_modules_next_dist_compiled_react-dom_058-ah~._.js:3167:32)
    at createFiberFromElement (http://localhost:3000/_next/static/chunks/node_modules_next_dist_compiled_react-dom_058-ah~._.js:3178:16)
    at reconcileChildFibersImpl (http://localhost:3000/_next/static/chunks/node_modules_next_dist_compiled_react-dom_058-ah~._.js:4206:421)
    at reconcileChildFibersImpl (http://localhost:3000/_next/static/chunks/node_modules_next_dist_compiled_react-dom_058-ah~._.js:4234:132)
    at http://localhost:3000/_next/static/chunks/node_modules_next_dist_compiled_react-dom_058-ah~._.js:4261:39
    at reconcileChildren (http://localhost:3000/_next/static/chunks/node_modules_next_dist_compiled_react-dom_058-ah~._.js:5898:51)
    at beginWork (http://localhost:3000/_next/static/chunks/node_modules_next_dist_compiled_react-dom_058-ah~._.js:6758:1573)
    at runWithFiberInDEV (http://localhost:3000/_next/static/chunks/node_modules_next_dist_compiled_react-dom_058-ah~._.js:965:74)
    at performUnitOfWork (http://localhost:3000/_next/static/chunks/node_modules_next_dist_compiled_react-dom_058-ah~._.js:9555:97)
    at workLoopSync (http://localhost:3000/_next/static/chunks/node_modules_next_dist_compiled_react-dom_058-ah~._.js:9449:40)
    at renderRootSync (http://localhost:3000/_next/static/chunks/node_modules_next_dist_compiled_react-dom_058-ah~._.js:9433:13)
    at performWorkOnRoot (http://localhost:3000/_next/static/chunks/node_modules_next_dist_compiled_react-dom_058-ah~._.js:9098:47)
    at performWorkOnRootViaSchedulerTask (http://localhost:3000/_next/static/chunks/node_modules_next_dist_compiled_react-dom_058-ah~._.js:10255:9)
    at MessagePort.performWorkUntilDeadline (http://localhost:3000/_next/static/chunks/node_modules_next_dist_compiled_0rpq4pf._.js:2647:64)
[  548093ms] [LOG] [Fast Refresh] rebuilding @ http://localhost:3000/_next/static/chunks/node_modules_next_dist_115brz8._.js:2431
[  548108ms] [LOG] [Fast Refresh] done in 128ms @ http://localhost:3000/_next/static/chunks/node_modules_next_dist_115brz8._.js:2431
[  553077ms] [LOG] [Fast Refresh] rebuilding @ http://localhost:3000/_next/static/chunks/node_modules_next_dist_115brz8._.js:2431
[  553313ms] [LOG] [Fast Refresh] done in 42ms @ http://localhost:3000/_next/static/chunks/node_modules_next_dist_115brz8._.js:2431
[  553425ms] [LOG] [Fast Refresh] rebuilding @ http://localhost:3000/_next/static/chunks/node_modules_next_dist_115brz8._.js:2431
[  553537ms] [LOG] [Fast Refresh] done in 223ms @ http://localhost:3000/_next/static/chunks/node_modules_next_dist_115brz8._.js:2431
[  553550ms] [ERROR] Failed to load resource: the server responded with a status of 500 (Internal Server Error) @ http://localhost:3000/contact:0
[  553568ms] [INFO] %cDownload the React DevTools for a better development experience: https://react.dev/link/react-devtools font-weight:bold @ http://localhost:3000/_next/static/chunks/node_modules_next_dist_115brz8._.js:2431
[  553580ms] [LOG] [HMR] connected @ http://localhost:3000/_next/static/chunks/node_modules_next_dist_115brz8._.js:2431
[  553592ms] [ERROR] Encountered a script tag while rendering React component. Scripts inside React components are never executed when rendering on the client. Consider using template tag instead (https://developer.mozilla.org/en-US/docs/Web/HTML/Element/template). @ http://localhost:3000/_next/static/chunks/node_modules_next_dist_115brz8._.js:3272
[  553617ms] Error: Element type is invalid: expected a string (for built-in components) or a class/function (for composite components) but got: undefined. You likely forgot to export your component from the file it's defined in, or you might have mixed up default and named imports.

Check the render method of `RootLayout`.
    at createFiberFromTypeAndProps (http://localhost:3000/_next/static/chunks/node_modules_next_dist_compiled_react-dom_058-ah~._.js:3167:32)
    at createFiberFromElement (http://localhost:3000/_next/static/chunks/node_modules_next_dist_compiled_react-dom_058-ah~._.js:3178:16)
    at reconcileChildFibersImpl (http://localhost:3000/_next/static/chunks/node_modules_next_dist_compiled_react-dom_058-ah~._.js:4206:421)
    at reconcileChildFibersImpl (http://localhost:3000/_next/static/chunks/node_modules_next_dist_compiled_react-dom_058-ah~._.js:4234:132)
    at http://localhost:3000/_next/static/chunks/node_modules_next_dist_compiled_react-dom_058-ah~._.js:4261:39
    at reconcileChildren (http://localhost:3000/_next/static/chunks/node_modules_next_dist_compiled_react-dom_058-ah~._.js:5898:51)
    at beginWork (http://localhost:3000/_next/static/chunks/node_modules_next_dist_compiled_react-dom_058-ah~._.js:6758:1573)
    at runWithFiberInDEV (http://localhost:3000/_next/static/chunks/node_modules_next_dist_compiled_react-dom_058-ah~._.js:965:74)
    at performUnitOfWork (http://localhost:3000/_next/static/chunks/node_modules_next_dist_compiled_react-dom_058-ah~._.js:9555:97)
    at workLoopSync (http://localhost:3000/_next/static/chunks/node_modules_next_dist_compiled_react-dom_058-ah~._.js:9449:40)
    at renderRootSync (http://localhost:3000/_next/static/chunks/node_modules_next_dist_compiled_react-dom_058-ah~._.js:9433:13)
    at performWorkOnRoot (http://localhost:3000/_next/static/chunks/node_modules_next_dist_compiled_react-dom_058-ah~._.js:9098:47)
    at performWorkOnRootViaSchedulerTask (http://localhost:3000/_next/static/chunks/node_modules_next_dist_compiled_react-dom_058-ah~._.js:10255:9)
    at MessagePort.performWorkUntilDeadline (http://localhost:3000/_next/static/chunks/node_modules_next_dist_compiled_0rpq4pf._.js:2647:64)
[  574871ms] [LOG] [Fast Refresh] rebuilding @ http://localhost:3000/_next/static/chunks/node_modules_next_dist_115brz8._.js:2431
[  574976ms] [LOG] [Fast Refresh] done in 46ms @ http://localhost:3000/_next/static/chunks/node_modules_next_dist_115brz8._.js:2431
[  574981ms] [ERROR] Failed to load resource: the server responded with a status of 500 (Internal Server Error) @ http://localhost:3000/contact:0
[  575083ms] [INFO] %cDownload the React DevTools for a better development experience: https://react.dev/link/react-devtools font-weight:bold @ http://localhost:3000/_next/static/chunks/node_modules_next_dist_115brz8._.js:2431
[  575095ms] [LOG] [HMR] connected @ http://localhost:3000/_next/static/chunks/node_modules_next_dist_115brz8._.js:2431
[  575109ms] ReferenceError: ViewTransition is not defined
    at RootLayout (about://React/Server/C:%5Cmyprojects%5Calex-panteli-com%5C.next%5Cdev%5Cserver%5Cchunks%5Cssr%5C%5Broot-of-the-server%5D__0s_v07d._.js?0:609:307)
    at resolveErrorDev (http://localhost:3000/_next/static/chunks/node_modules_next_dist_compiled_react-server-dom-turbopack_0p3wegg._.js:1919:105)
    at processFullStringRow (http://localhost:3000/_next/static/chunks/node_modules_next_dist_compiled_react-server-dom-turbopack_0p3wegg._.js:2434:29)
    at processFullBinaryRow (http://localhost:3000/_next/static/chunks/node_modules_next_dist_compiled_react-server-dom-turbopack_0p3wegg._.js:2393:9)
    at processBinaryChunk (http://localhost:3000/_next/static/chunks/node_modules_next_dist_compiled_react-server-dom-turbopack_0p3wegg._.js:2502:221)
    at progress (http://localhost:3000/_next/static/chunks/node_modules_next_dist_compiled_react-server-dom-turbopack_0p3wegg._.js:2689:13)
[  579049ms] [LOG] [Fast Refresh] rebuilding @ http://localhost:3000/_next/static/chunks/node_modules_next_dist_115brz8._.js:2431
[  579190ms] [LOG] [Fast Refresh] done in 40ms @ http://localhost:3000/_next/static/chunks/node_modules_next_dist_115brz8._.js:2431
[  579342ms] [INFO] %cDownload the React DevTools for a better development experience: https://react.dev/link/react-devtools font-weight:bold @ http://localhost:3000/_next/static/chunks/node_modules_next_dist_115brz8._.js:2431
[  579354ms] [LOG] [HMR] connected @ http://localhost:3000/_next/static/chunks/node_modules_next_dist_115brz8._.js:2431
[  579393ms] [LOG] %c[Vercel Web Analytics]%c Debug mode is enabled by default in development. No requests will be sent to the server. color: rgb(120, 120, 120) color: inherit @ http://localhost:3000/_next/static/chunks/node_modules_next_dist_115brz8._.js:2431
[  579393ms] [LOG] %c[Vercel Web Analytics]%c [view] http://localhost:3000/contact color: rgb(120, 120, 120) color: inherit {o: http://localhost:3000/contact, sv: 0.1.3, sdkn: @vercel/analytics/react, sdkv: 2.0.1, ts: 1775677222465} /_vercel/insights/view @ http://localhost:3000/_next/static/chunks/node_modules_next_dist_115brz8._.js:2431
[  579406ms] [LOG] %c[Vercel Speed Insights]%c Debug mode is enabled by default in development. No requests will be sent to the server. color: rgb(120, 120, 120) color: inherit @ http://localhost:3000/_next/static/chunks/node_modules_next_dist_115brz8._.js:2431
[  580010ms] [WARNING] Image with src "http://localhost:3000/logo.svg" has either width or height modified, but not the other. If you use CSS to change the size of your image, also include the styles 'width: "auto"' or 'height: "auto"' to maintain the aspect ratio. @ http://localhost:3000/_next/static/chunks/node_modules_next_dist_115brz8._.js:2431
[  581021ms] [WARNING] Image with src "/logo.svg" was detected as the Largest Contentful Paint (LCP). Please add the `loading="eager"` property if this image is above the fold.
Read more: https://nextjs.org/docs/app/api-reference/components/image#loading @ http://localhost:3000/_next/static/chunks/node_modules_next_dist_115brz8._.js:2431
[  612920ms] [LOG] [Fast Refresh] rebuilding @ http://localhost:3000/_next/static/chunks/node_modules_next_dist_115brz8._.js:2431
[  612936ms] [LOG] [Fast Refresh] done in 120ms @ http://localhost:3000/_next/static/chunks/node_modules_next_dist_115brz8._.js:2431
[  618031ms] [LOG] [HMR] connected @ http://localhost:3000/_next/static/chunks/node_modules_next_dist_115brz8._.js:2431
[  618358ms] [LOG] %c[Vercel Speed Insights]%c [vitals] color: rgb(120, 120, 120) color: inherit {speed: 4g, metrics: Array(3), scriptVersion: 0.1.3, sdkName: @vercel/speed-insights/next, sdkVersion: 2.0.0} /_vercel/speed-insights/vitals @ http://localhost:3000/_next/static/chunks/node_modules_next_dist_115brz8._.js:2431
[  618359ms] [LOG] %c[Vercel Speed Insights]%c [vitals] color: rgb(120, 120, 120) color: inherit {speed: 4g, metrics: Array(1), scriptVersion: 0.1.3, sdkName: @vercel/speed-insights/next, sdkVersion: 2.0.0} /_vercel/speed-insights/vitals @ http://localhost:3000/_next/static/chunks/node_modules_next_dist_115brz8._.js:2431
[  618411ms] [INFO] %cDownload the React DevTools for a better development experience: https://react.dev/link/react-devtools font-weight:bold @ http://localhost:3000/_next/static/chunks/node_modules_next_dist_115brz8._.js:2431
[  618425ms] [LOG] [HMR] connected @ http://localhost:3000/_next/static/chunks/node_modules_next_dist_115brz8._.js:2431
[  618460ms] [WARNING] Image with src "http://localhost:3000/logo.svg" has either width or height modified, but not the other. If you use CSS to change the size of your image, also include the styles 'width: "auto"' or 'height: "auto"' to maintain the aspect ratio. @ http://localhost:3000/_next/static/chunks/node_modules_next_dist_115brz8._.js:2431
[  618460ms] [LOG] %c[Vercel Web Analytics]%c Debug mode is enabled by default in development. No requests will be sent to the server. color: rgb(120, 120, 120) color: inherit @ http://localhost:3000/_next/static/chunks/node_modules_next_dist_115brz8._.js:2431
[  618460ms] [LOG] %c[Vercel Web Analytics]%c [view] http://localhost:3000/contact color: rgb(120, 120, 120) color: inherit {o: http://localhost:3000/contact, sv: 0.1.3, sdkn: @vercel/analytics/react, sdkv: 2.0.1, ts: 1775677261533} /_vercel/insights/view @ http://localhost:3000/_next/static/chunks/node_modules_next_dist_115brz8._.js:2431
[  618473ms] [LOG] %c[Vercel Speed Insights]%c Debug mode is enabled by default in development. No requests will be sent to the server. color: rgb(120, 120, 120) color: inherit @ http://localhost:3000/_next/static/chunks/node_modules_next_dist_115brz8._.js:2431
[  619372ms] [WARNING] Image with src "/logo.svg" was detected as the Largest Contentful Paint (LCP). Please add the `loading="eager"` property if this image is above the fold.
Read more: https://nextjs.org/docs/app/api-reference/components/image#loading @ http://localhost:3000/_next/static/chunks/node_modules_next_dist_115brz8._.js:2431
[  686695ms] [LOG] [Fast Refresh] rebuilding @ http://localhost:3000/_next/static/chunks/node_modules_next_dist_115brz8._.js:2431
[  687579ms] [ERROR] ./node_modules/motion/dist/es/react.mjs:1:1
Module not found: Can't resolve 'framer-motion'
> 1 | export * from 'framer-motion';
    | ^^^^^^^^^^^^^^^^^^^^^^^^^^^^^^
  2 | export { m, motion } from 'framer-motion';
  3 |

Import traces:
  #1 [Client Component Browser]:
    ./node_modules/motion/dist/es/react.mjs [Client Component Browser]
    ./src/components/contact/contact-form.tsx [Client Component Browser]
    ./src/components/contact/contact-form.tsx [Server Component]
    ./src/app/contact/page.tsx [Server Component]

  #2 [Client Component Browser]:
    ./node_modules/motion/dist/es/react.mjs [Client Component Browser]
    ./src/components/shared/cookie-consent.tsx [Client Component Browser]
    ./src/components/shared/cookie-consent.tsx [Server Component]
    ./src/app/layout.tsx [Server Component]

  #3 [Client Component SSR]:
    ./node_modules/motion/dist/es/react.mjs [Client Component SSR]
    ./src/components/contact/contact-form.tsx [Client Component SSR]
    ./src/components/contact/contact-form.tsx [Server Component]
    ./src/app/contact/page.tsx [Server Component]

  #4 [Client Component SSR]:
    ./node_modules/motion/dist/es/react.mjs [Client Component SSR]
    ./src/components/shared/cookie-consent.tsx [Client Component SSR]
    ./src/components/shared/cookie-consent.tsx [Server Component]
    ./src/app/layout.tsx [Server Component]

https://nextjs.org/docs/messages/module-not-found @ http://localhost:3000/_next/static/chunks/node_modules_next_dist_115brz8._.js:3272
[  687580ms] [ERROR] ./node_modules/radix-ui/node_modules/@radix-ui/react-dialog/dist/index.mjs:16:1
Module not found: Can't resolve 'react-remove-scroll'
  14 | import { Primitive } from "@radix-ui/react-primitive";
  15 | import { useFocusGuards } from "@radix-ui/react-focus-guards";
> 16 | import { RemoveScroll } from "react-remove-scroll";
     | ^^^^^^^^^^^^^^^^^^^^^^^^^^^^^^^^^^^^^^^^^^^^^^^^^^^
  17 | import { hideOthers } from "aria-hidden";
  18 | import { createSlot } from "@radix-ui/react-slot";
  19 | import { Fragment, jsx, jsxs } from "react/jsx-runtime";

Import traces:
  Client Component Browser:
    ./node_modules/radix-ui/node_modules/@radix-ui/react-dialog/dist/index.mjs [Client Component Browser]
    ./src/components/ui/sheet.tsx [Client Component Browser]
    ./src/components/layout/mobile-nav.tsx [Client Component Browser]
    ./src/components/layout/navbar.tsx [Client Component Browser]
    ./src/components/layout/navbar.tsx [Server Component]
    ./src/app/layout.tsx [Server Component]

  Client Component SSR:
    ./node_modules/radix-ui/node_modules/@radix-ui/react-dialog/dist/index.mjs [Client Component SSR]
    ./src/components/ui/sheet.tsx [Client Component SSR]
    ./src/components/layout/mobile-nav.tsx [Client Component SSR]
    ./src/components/layout/navbar.tsx [Client Component SSR]
    ./src/components/layout/navbar.tsx [Server Component]
    ./src/app/layout.tsx [Server Component]

https://nextjs.org/docs/messages/module-not-found @ http://localhost:3000/_next/static/chunks/node_modules_next_dist_115brz8._.js:3272
[  687580ms] [ERROR] ./node_modules/radix-ui/node_modules/@radix-ui/react-menu/dist/index.mjs:24:1
Module not found: Can't resolve 'react-remove-scroll'
  22 | import { useCallbackRef } from "@radix-ui/react-use-callback-ref";
  23 | import { hideOthers } from "aria-hidden";
> 24 | import { RemoveScroll } from "react-remove-scroll";
     | ^^^^^^^^^^^^^^^^^^^^^^^^^^^^^^^^^^^^^^^^^^^^^^^^^^^
  25 | import { jsx } from "react/jsx-runtime";
  26 | var SELECTION_KEYS = ["Enter", " "];
  27 | var FIRST_KEYS = ["ArrowDown", "PageUp", "Home"];

Import traces:
  Client Component Browser:
    ./node_modules/radix-ui/node_modules/@radix-ui/react-menu/dist/index.mjs [Client Component Browser]
    ./node_modules/radix-ui/node_modules/@radix-ui/react-dropdown-menu/dist/index.mjs [Client Component Browser]
    ./src/components/ui/dropdown-menu.tsx [Client Component Browser]
    ./src/components/theme-toggle.tsx [Client Component Browser]
    ./src/components/layout/navbar.tsx [Client Component Browser]
    ./src/components/layout/navbar.tsx [Server Component]
    ./src/app/layout.tsx [Server Component]

  Client Component SSR:
    ./node_modules/radix-ui/node_modules/@radix-ui/react-menu/dist/index.mjs [Client Component SSR]
    ./node_modules/radix-ui/node_modules/@radix-ui/react-dropdown-menu/dist/index.mjs [Client Component SSR]
    ./src/components/ui/dropdown-menu.tsx [Client Component SSR]
    ./src/components/theme-toggle.tsx [Client Component SSR]
    ./src/components/layout/navbar.tsx [Client Component SSR]
    ./src/components/layout/navbar.tsx [Server Component]
    ./src/app/layout.tsx [Server Component]

https://nextjs.org/docs/messages/module-not-found @ http://localhost:3000/_next/static/chunks/node_modules_next_dist_115brz8._.js:3272
[  687580ms] [ERROR] ./src/components/shared/cookie-consent.tsx:4:1
Export AnimatePresence doesn't exist in target module
  2 |
  3 | import { useState, useEffect } from "react";
> 4 | import { motion, AnimatePresence } from "motion/react";
    | ^^^^^^^^^^^^^^^^^^^^^^^^^^^^^^^^^^^^^^^^^^^^^^^^^^^^^^^
  5 | import { Button } from "@/components/ui/button";
  6 | import { Cookie, Settings, X } from "lucide-react";
  7 |

The export AnimatePresence was not found in module [project]/node_modules/motion/dist/es/react.mjs [app-client] (ecmascript).
Did you mean to import m?
All exports of the module are statically known (It doesn't have dynamic exports). So it's known statically that the requested export doesn't exist.

Import trace:
  Server Component:
    ./src/components/shared/cookie-consent.tsx
    ./src/app/layout.tsx @ http://localhost:3000/_next/static/chunks/node_modules_next_dist_115brz8._.js:3272
[  687580ms] [ERROR] ./src/components/shared/cookie-consent.tsx:4:1
Export AnimatePresence doesn't exist in target module
  2 |
  3 | import { useState, useEffect } from "react";
> 4 | import { motion, AnimatePresence } from "motion/react";
    | ^^^^^^^^^^^^^^^^^^^^^^^^^^^^^^^^^^^^^^^^^^^^^^^^^^^^^^^
  5 | import { Button } from "@/components/ui/button";
  6 | import { Cookie, Settings, X } from "lucide-react";
  7 |

The export AnimatePresence was not found in module [project]/node_modules/motion/dist/es/react.mjs [app-ssr] (ecmascript).
Did you mean to import m?
All exports of the module are statically known (It doesn't have dynamic exports). So it's known statically that the requested export doesn't exist.

Import trace:
  Server Component:
    ./src/components/shared/cookie-consent.tsx
    ./src/app/layout.tsx @ http://localhost:3000/_next/static/chunks/node_modules_next_dist_115brz8._.js:3272
[  687580ms] [ERROR] ./src/components/shared/page-transition.tsx:3:1
Export useReducedMotion doesn't exist in target module
  1 | "use client";
  2 |
> 3 | import { motion, useReducedMotion } from "motion/react";
    | ^^^^^^^^^^^^^^^^^^^^^^^^^^^^^^^^^^^^^^^^^^^^^^^^^^^^^^^^
  4 |
  5 | export function PageTransition({ children }: { children: React.ReactNode }) {
  6 |   const prefersReducedMotion = useReducedMotion();

The export useReducedMotion was not found in module [project]/node_modules/motion/dist/es/react.mjs [app-client] (ecmascript).
Did you mean to import motion?
All exports of the module are statically known (It doesn't have dynamic exports). So it's known statically that the requested export doesn't exist.

Import trace:
  Server Component:
    ./src/components/shared/page-transition.tsx
    ./src/app/contact/page.tsx @ http://localhost:3000/_next/static/chunks/node_modules_next_dist_115brz8._.js:3272
[  687580ms] [ERROR] ./src/components/shared/page-transition.tsx:3:1
Export useReducedMotion doesn't exist in target module
  1 | "use client";
  2 |
> 3 | import { motion, useReducedMotion } from "motion/react";
    | ^^^^^^^^^^^^^^^^^^^^^^^^^^^^^^^^^^^^^^^^^^^^^^^^^^^^^^^^
  4 |
  5 | export function PageTransition({ children }: { children: React.ReactNode }) {
  6 |   const prefersReducedMotion = useReducedMotion();

The export useReducedMotion was not found in module [project]/node_modules/motion/dist/es/react.mjs [app-ssr] (ecmascript).
Did you mean to import motion?
All exports of the module are statically known (It doesn't have dynamic exports). So it's known statically that the requested export doesn't exist.

Import trace:
  Server Component:
    ./src/components/shared/page-transition.tsx
    ./src/app/contact/page.tsx @ http://localhost:3000/_next/static/chunks/node_modules_next_dist_115brz8._.js:3272
[  687594ms] [ERROR] ./node_modules/motion/dist/es/react.mjs:1:1
Module not found: Can't resolve 'framer-motion'
> 1 | export * from 'framer-motion';
    | ^^^^^^^^^^^^^^^^^^^^^^^^^^^^^^
  2 | export { m, motion } from 'framer-motion';
  3 |

Import traces:
  #1 [Client Component Browser]:
    ./node_modules/motion/dist/es/react.mjs [Client Component Browser]
    ./src/components/contact/contact-form.tsx [Client Component Browser]
    ./src/components/contact/contact-form.tsx [Server Component]
    ./src/app/contact/page.tsx [Server Component]

  #2 [Client Component Browser]:
    ./node_modules/motion/dist/es/react.mjs [Client Component Browser]
    ./src/components/shared/cookie-consent.tsx [Client Component Browser]
    ./src/components/shared/cookie-consent.tsx [Server Component]
    ./src/app/layout.tsx [Server Component]

  #3 [Client Component SSR]:
    ./node_modules/motion/dist/es/react.mjs [Client Component SSR]
    ./src/components/contact/contact-form.tsx [Client Component SSR]
    ./src/components/contact/contact-form.tsx [Server Component]
    ./src/app/contact/page.tsx [Server Component]

  #4 [Client Component SSR]:
    ./node_modules/motion/dist/es/react.mjs [Client Component SSR]
    ./src/components/shared/cookie-consent.tsx [Client Component SSR]
    ./src/components/shared/cookie-consent.tsx [Server Component]
    ./src/app/layout.tsx [Server Component]

https://nextjs.org/docs/messages/module-not-found @ http://localhost:3000/_next/static/chunks/node_modules_next_dist_115brz8._.js:3272
[  687595ms] [ERROR] ./node_modules/radix-ui/node_modules/@radix-ui/react-dialog/dist/index.mjs:16:1
Module not found: Can't resolve 'react-remove-scroll'
  14 | import { Primitive } from "@radix-ui/react-primitive";
  15 | import { useFocusGuards } from "@radix-ui/react-focus-guards";
> 16 | import { RemoveScroll } from "react-remove-scroll";
     | ^^^^^^^^^^^^^^^^^^^^^^^^^^^^^^^^^^^^^^^^^^^^^^^^^^^
  17 | import { hideOthers } from "aria-hidden";
  18 | import { createSlot } from "@radix-ui/react-slot";
  19 | import { Fragment, jsx, jsxs } from "react/jsx-runtime";

Import traces:
  Client Component Browser:
    ./node_modules/radix-ui/node_modules/@radix-ui/react-dialog/dist/index.mjs [Client Component Browser]
    ./src/components/ui/sheet.tsx [Client Component Browser]
    ./src/components/layout/mobile-nav.tsx [Client Component Browser]
    ./src/components/layout/navbar.tsx [Client Component Browser]
    ./src/components/layout/navbar.tsx [Server Component]
    ./src/app/layout.tsx [Server Component]

  Client Component SSR:
    ./node_modules/radix-ui/node_modules/@radix-ui/react-dialog/dist/index.mjs [Client Component SSR]
    ./src/components/ui/sheet.tsx [Client Component SSR]
    ./src/components/layout/mobile-nav.tsx [Client Component SSR]
    ./src/components/layout/navbar.tsx [Client Component SSR]
    ./src/components/layout/navbar.tsx [Server Component]
    ./src/app/layout.tsx [Server Component]

https://nextjs.org/docs/messages/module-not-found @ http://localhost:3000/_next/static/chunks/node_modules_next_dist_115brz8._.js:3272
[  687595ms] [ERROR] ./node_modules/radix-ui/node_modules/@radix-ui/react-menu/dist/index.mjs:24:1
Module not found: Can't resolve 'react-remove-scroll'
  22 | import { useCallbackRef } from "@radix-ui/react-use-callback-ref";
  23 | import { hideOthers } from "aria-hidden";
> 24 | import { RemoveScroll } from "react-remove-scroll";
     | ^^^^^^^^^^^^^^^^^^^^^^^^^^^^^^^^^^^^^^^^^^^^^^^^^^^
  25 | import { jsx } from "react/jsx-runtime";
  26 | var SELECTION_KEYS = ["Enter", " "];
  27 | var FIRST_KEYS = ["ArrowDown", "PageUp", "Home"];

Import traces:
  Client Component Browser:
    ./node_modules/radix-ui/node_modules/@radix-ui/react-menu/dist/index.mjs [Client Component Browser]
    ./node_modules/radix-ui/node_modules/@radix-ui/react-dropdown-menu/dist/index.mjs [Client Component Browser]
    ./src/components/ui/dropdown-menu.tsx [Client Component Browser]
    ./src/components/theme-toggle.tsx [Client Component Browser]
    ./src/components/layout/navbar.tsx [Client Component Browser]
    ./src/components/layout/navbar.tsx [Server Component]
    ./src/app/layout.tsx [Server Component]

  Client Component SSR:
    ./node_modules/radix-ui/node_modules/@radix-ui/react-menu/dist/index.mjs [Client Component SSR]
    ./node_modules/radix-ui/node_modules/@radix-ui/react-dropdown-menu/dist/index.mjs [Client Component SSR]
    ./src/components/ui/dropdown-menu.tsx [Client Component SSR]
    ./src/components/theme-toggle.tsx [Client Component SSR]
    ./src/components/layout/navbar.tsx [Client Component SSR]
    ./src/components/layout/navbar.tsx [Server Component]
    ./src/app/layout.tsx [Server Component]

https://nextjs.org/docs/messages/module-not-found @ http://localhost:3000/_next/static/chunks/node_modules_next_dist_115brz8._.js:3272
[  687596ms] [ERROR] ./src/components/shared/cookie-consent.tsx:4:1
Export AnimatePresence doesn't exist in target module
  2 |
  3 | import { useState, useEffect } from "react";
> 4 | import { motion, AnimatePresence } from "motion/react";
    | ^^^^^^^^^^^^^^^^^^^^^^^^^^^^^^^^^^^^^^^^^^^^^^^^^^^^^^^
  5 | import { Button } from "@/components/ui/button";
  6 | import { Cookie, Settings, X } from "lucide-react";
  7 |

The export AnimatePresence was not found in module [project]/node_modules/motion/dist/es/react.mjs [app-client] (ecmascript).
Did you mean to import m?
All exports of the module are statically known (It doesn't have dynamic exports). So it's known statically that the requested export doesn't exist.

Import trace:
  Server Component:
    ./src/components/shared/cookie-consent.tsx
    ./src/app/layout.tsx @ http://localhost:3000/_next/static/chunks/node_modules_next_dist_115brz8._.js:3272
[  687596ms] [ERROR] ./src/components/shared/cookie-consent.tsx:4:1
Export AnimatePresence doesn't exist in target module
  2 |
  3 | import { useState, useEffect } from "react";
> 4 | import { motion, AnimatePresence } from "motion/react";
    | ^^^^^^^^^^^^^^^^^^^^^^^^^^^^^^^^^^^^^^^^^^^^^^^^^^^^^^^
  5 | import { Button } from "@/components/ui/button";
  6 | import { Cookie, Settings, X } from "lucide-react";
  7 |

The export AnimatePresence was not found in module [project]/node_modules/motion/dist/es/react.mjs [app-ssr] (ecmascript).
Did you mean to import m?
All exports of the module are statically known (It doesn't have dynamic exports). So it's known statically that the requested export doesn't exist.

Import trace:
  Server Component:
    ./src/components/shared/cookie-consent.tsx
    ./src/app/layout.tsx @ http://localhost:3000/_next/static/chunks/node_modules_next_dist_115brz8._.js:3272
[  687596ms] [ERROR] ./src/components/shared/page-transition.tsx:3:1
Export useReducedMotion doesn't exist in target module
  1 | "use client";
  2 |
> 3 | import { motion, useReducedMotion } from "motion/react";
    | ^^^^^^^^^^^^^^^^^^^^^^^^^^^^^^^^^^^^^^^^^^^^^^^^^^^^^^^^
  4 |
  5 | export function PageTransition({ children }: { children: React.ReactNode }) {
  6 |   const prefersReducedMotion = useReducedMotion();

The export useReducedMotion was not found in module [project]/node_modules/motion/dist/es/react.mjs [app-client] (ecmascript).
Did you mean to import motion?
All exports of the module are statically known (It doesn't have dynamic exports). So it's known statically that the requested export doesn't exist.

Import trace:
  Server Component:
    ./src/components/shared/page-transition.tsx
    ./src/app/contact/page.tsx @ http://localhost:3000/_next/static/chunks/node_modules_next_dist_115brz8._.js:3272
[  687596ms] [ERROR] ./src/components/shared/page-transition.tsx:3:1
Export useReducedMotion doesn't exist in target module
  1 | "use client";
  2 |
> 3 | import { motion, useReducedMotion } from "motion/react";
    | ^^^^^^^^^^^^^^^^^^^^^^^^^^^^^^^^^^^^^^^^^^^^^^^^^^^^^^^^
  4 |
  5 | export function PageTransition({ children }: { children: React.ReactNode }) {
  6 |   const prefersReducedMotion = useReducedMotion();

The export useReducedMotion was not found in module [project]/node_modules/motion/dist/es/react.mjs [app-ssr] (ecmascript).
Did you mean to import motion?
All exports of the module are statically known (It doesn't have dynamic exports). So it's known statically that the requested export doesn't exist.

Import trace:
  Server Component:
    ./src/components/shared/page-transition.tsx
    ./src/app/contact/page.tsx @ http://localhost:3000/_next/static/chunks/node_modules_next_dist_115brz8._.js:3272
[  687658ms] [ERROR] ./node_modules/motion/dist/es/react.mjs:1:1
Module not found: Can't resolve 'framer-motion'
> 1 | export * from 'framer-motion';
    | ^^^^^^^^^^^^^^^^^^^^^^^^^^^^^^
  2 | export { m, motion } from 'framer-motion';
  3 |

Import traces:
  #1 [Client Component Browser]:
    ./node_modules/motion/dist/es/react.mjs [Client Component Browser]
    ./src/components/contact/contact-form.tsx [Client Component Browser]
    ./src/components/contact/contact-form.tsx [Server Component]
    ./src/app/contact/page.tsx [Server Component]

  #2 [Client Component Browser]:
    ./node_modules/motion/dist/es/react.mjs [Client Component Browser]
    ./src/components/shared/cookie-consent.tsx [Client Component Browser]
    ./src/components/shared/cookie-consent.tsx [Server Component]
    ./src/app/layout.tsx [Server Component]

  #3 [Client Component SSR]:
    ./node_modules/motion/dist/es/react.mjs [Client Component SSR]
    ./src/components/contact/contact-form.tsx [Client Component SSR]
    ./src/components/contact/contact-form.tsx [Server Component]
    ./src/app/contact/page.tsx [Server Component]

  #4 [Client Component SSR]:
    ./node_modules/motion/dist/es/react.mjs [Client Component SSR]
    ./src/components/shared/cookie-consent.tsx [Client Component SSR]
    ./src/components/shared/cookie-consent.tsx [Server Component]
    ./src/app/layout.tsx [Server Component]

https://nextjs.org/docs/messages/module-not-found @ http://localhost:3000/_next/static/chunks/node_modules_next_dist_115brz8._.js:3272
[  687658ms] [ERROR] ./node_modules/radix-ui/node_modules/@radix-ui/react-dialog/dist/index.mjs:16:1
Module not found: Can't resolve 'react-remove-scroll'
  14 | import { Primitive } from "@radix-ui/react-primitive";
  15 | import { useFocusGuards } from "@radix-ui/react-focus-guards";
> 16 | import { RemoveScroll } from "react-remove-scroll";
     | ^^^^^^^^^^^^^^^^^^^^^^^^^^^^^^^^^^^^^^^^^^^^^^^^^^^
  17 | import { hideOthers } from "aria-hidden";
  18 | import { createSlot } from "@radix-ui/react-slot";
  19 | import { Fragment, jsx, jsxs } from "react/jsx-runtime";

Import traces:
  Client Component Browser:
    ./node_modules/radix-ui/node_modules/@radix-ui/react-dialog/dist/index.mjs [Client Component Browser]
    ./src/components/ui/sheet.tsx [Client Component Browser]
    ./src/components/layout/mobile-nav.tsx [Client Component Browser]
    ./src/components/layout/navbar.tsx [Client Component Browser]
    ./src/components/layout/navbar.tsx [Server Component]
    ./src/app/layout.tsx [Server Component]

  Client Component SSR:
    ./node_modules/radix-ui/node_modules/@radix-ui/react-dialog/dist/index.mjs [Client Component SSR]
    ./src/components/ui/sheet.tsx [Client Component SSR]
    ./src/components/layout/mobile-nav.tsx [Client Component SSR]
    ./src/components/layout/navbar.tsx [Client Component SSR]
    ./src/components/layout/navbar.tsx [Server Component]
    ./src/app/layout.tsx [Server Component]

https://nextjs.org/docs/messages/module-not-found @ http://localhost:3000/_next/static/chunks/node_modules_next_dist_115brz8._.js:3272
[  687659ms] [ERROR] ./node_modules/radix-ui/node_modules/@radix-ui/react-menu/dist/index.mjs:24:1
Module not found: Can't resolve 'react-remove-scroll'
  22 | import { useCallbackRef } from "@radix-ui/react-use-callback-ref";
  23 | import { hideOthers } from "aria-hidden";
> 24 | import { RemoveScroll } from "react-remove-scroll";
     | ^^^^^^^^^^^^^^^^^^^^^^^^^^^^^^^^^^^^^^^^^^^^^^^^^^^
  25 | import { jsx } from "react/jsx-runtime";
  26 | var SELECTION_KEYS = ["Enter", " "];
  27 | var FIRST_KEYS = ["ArrowDown", "PageUp", "Home"];

Import traces:
  Client Component Browser:
    ./node_modules/radix-ui/node_modules/@radix-ui/react-menu/dist/index.mjs [Client Component Browser]
    ./node_modules/radix-ui/node_modules/@radix-ui/react-dropdown-menu/dist/index.mjs [Client Component Browser]
    ./src/components/ui/dropdown-menu.tsx [Client Component Browser]
    ./src/components/theme-toggle.tsx [Client Component Browser]
    ./src/components/layout/navbar.tsx [Client Component Browser]
    ./src/components/layout/navbar.tsx [Server Component]
    ./src/app/layout.tsx [Server Component]

  Client Component SSR:
    ./node_modules/radix-ui/node_modules/@radix-ui/react-menu/dist/index.mjs [Client Component SSR]
    ./node_modules/radix-ui/node_modules/@radix-ui/react-dropdown-menu/dist/index.mjs [Client Component SSR]
    ./src/components/ui/dropdown-menu.tsx [Client Component SSR]
    ./src/components/theme-toggle.tsx [Client Component SSR]
    ./src/components/layout/navbar.tsx [Client Component SSR]
    ./src/components/layout/navbar.tsx [Server Component]
    ./src/app/layout.tsx [Server Component]

https://nextjs.org/docs/messages/module-not-found @ http://localhost:3000/_next/static/chunks/node_modules_next_dist_115brz8._.js:3272
[  687659ms] [ERROR] ./src/components/shared/cookie-consent.tsx:4:1
Export AnimatePresence doesn't exist in target module
  2 |
  3 | import { useState, useEffect } from "react";
> 4 | import { motion, AnimatePresence } from "motion/react";
    | ^^^^^^^^^^^^^^^^^^^^^^^^^^^^^^^^^^^^^^^^^^^^^^^^^^^^^^^
  5 | import { Button } from "@/components/ui/button";
  6 | import { Cookie, Settings, X } from "lucide-react";
  7 |

The export AnimatePresence was not found in module [project]/node_modules/motion/dist/es/react.mjs [app-client] (ecmascript).
Did you mean to import m?
All exports of the module are statically known (It doesn't have dynamic exports). So it's known statically that the requested export doesn't exist.

Import trace:
  Server Component:
    ./src/components/shared/cookie-consent.tsx
    ./src/app/layout.tsx @ http://localhost:3000/_next/static/chunks/node_modules_next_dist_115brz8._.js:3272
[  687662ms] [ERROR] ./src/components/shared/cookie-consent.tsx:4:1
Export AnimatePresence doesn't exist in target module
  2 |
  3 | import { useState, useEffect } from "react";
> 4 | import { motion, AnimatePresence } from "motion/react";
    | ^^^^^^^^^^^^^^^^^^^^^^^^^^^^^^^^^^^^^^^^^^^^^^^^^^^^^^^
  5 | import { Button } from "@/components/ui/button";
  6 | import { Cookie, Settings, X } from "lucide-react";
  7 |

The export AnimatePresence was not found in module [project]/node_modules/motion/dist/es/react.mjs [app-ssr] (ecmascript).
Did you mean to import m?
All exports of the module are statically known (It doesn't have dynamic exports). So it's known statically that the requested export doesn't exist.

Import trace:
  Server Component:
    ./src/components/shared/cookie-consent.tsx
    ./src/app/layout.tsx @ http://localhost:3000/_next/static/chunks/node_modules_next_dist_115brz8._.js:3272
[  687663ms] [ERROR] ./src/components/shared/page-transition.tsx:3:1
Export useReducedMotion doesn't exist in target module
  1 | "use client";
  2 |
> 3 | import { motion, useReducedMotion } from "motion/react";
    | ^^^^^^^^^^^^^^^^^^^^^^^^^^^^^^^^^^^^^^^^^^^^^^^^^^^^^^^^
  4 |
  5 | export function PageTransition({ children }: { children: React.ReactNode }) {
  6 |   const prefersReducedMotion = useReducedMotion();

The export useReducedMotion was not found in module [project]/node_modules/motion/dist/es/react.mjs [app-client] (ecmascript).
Did you mean to import motion?
All exports of the module are statically known (It doesn't have dynamic exports). So it's known statically that the requested export doesn't exist.

Import trace:
  Server Component:
    ./src/components/shared/page-transition.tsx
    ./src/app/contact/page.tsx @ http://localhost:3000/_next/static/chunks/node_modules_next_dist_115brz8._.js:3272
[  687663ms] [ERROR] ./src/components/shared/page-transition.tsx:3:1
Export useReducedMotion doesn't exist in target module
  1 | "use client";
  2 |
> 3 | import { motion, useReducedMotion } from "motion/react";
    | ^^^^^^^^^^^^^^^^^^^^^^^^^^^^^^^^^^^^^^^^^^^^^^^^^^^^^^^^
  4 |
  5 | export function PageTransition({ children }: { children: React.ReactNode }) {
  6 |   const prefersReducedMotion = useReducedMotion();

The export useReducedMotion was not found in module [project]/node_modules/motion/dist/es/react.mjs [app-ssr] (ecmascript).
Did you mean to import motion?
All exports of the module are statically known (It doesn't have dynamic exports). So it's known statically that the requested export doesn't exist.

Import trace:
  Server Component:
    ./src/components/shared/page-transition.tsx
    ./src/app/contact/page.tsx @ http://localhost:3000/_next/static/chunks/node_modules_next_dist_115brz8._.js:3272
[  687767ms] [LOG] [Fast Refresh] rebuilding @ http://localhost:3000/_next/static/chunks/node_modules_next_dist_115brz8._.js:2431
[  688635ms] [LOG] [Fast Refresh] done in 825ms @ http://localhost:3000/_next/static/chunks/node_modules_next_dist_115brz8._.js:2431
[  688736ms] [LOG] [Fast Refresh] rebuilding @ http://localhost:3000/_next/static/chunks/node_modules_next_dist_115brz8._.js:2431
[  688742ms] [LOG] [Fast Refresh] done in 106ms @ http://localhost:3000/_next/static/chunks/node_modules_next_dist_115brz8._.js:2431
[  688843ms] [LOG] [Fast Refresh] rebuilding @ http://localhost:3000/_next/static/chunks/node_modules_next_dist_115brz8._.js:2431
[  689027ms] [LOG] [Fast Refresh] done in 286ms @ http://localhost:3000/_next/static/chunks/node_modules_next_dist_115brz8._.js:2431
[  689037ms] [LOG] %c[Vercel Speed Insights]%c [vitals] color: rgb(120, 120, 120) color: inherit {speed: 4g, metrics: Array(3), scriptVersion: 0.1.3, sdkName: @vercel/speed-insights/next, sdkVersion: 2.0.0} /_vercel/speed-insights/vitals @ http://localhost:3000/_next/static/chunks/node_modules_next_dist_115brz8._.js:2431
[  689037ms] [LOG] %c[Vercel Speed Insights]%c [vitals] color: rgb(120, 120, 120) color: inherit {speed: 4g, metrics: Array(1), scriptVersion: 0.1.3, sdkName: @vercel/speed-insights/next, sdkVersion: 2.0.0} /_vercel/speed-insights/vitals @ http://localhost:3000/_next/static/chunks/node_modules_next_dist_115brz8._.js:2431
[  689179ms] [INFO] %cDownload the React DevTools for a better development experience: https://react.dev/link/react-devtools font-weight:bold @ http://localhost:3000/_next/static/chunks/node_modules_next_dist_115brz8._.js:2431
[  689191ms] [LOG] [HMR] connected @ http://localhost:3000/_next/static/chunks/node_modules_next_dist_115brz8._.js:2431
[  689245ms] [WARNING] Image with src "http://localhost:3000/logo.svg" has either width or height modified, but not the other. If you use CSS to change the size of your image, also include the styles 'width: "auto"' or 'height: "auto"' to maintain the aspect ratio. @ http://localhost:3000/_next/static/chunks/node_modules_next_dist_115brz8._.js:2431
[  689246ms] [LOG] %c[Vercel Web Analytics]%c Debug mode is enabled by default in development. No requests will be sent to the server. color: rgb(120, 120, 120) color: inherit @ http://localhost:3000/_next/static/chunks/node_modules_next_dist_115brz8._.js:2431
[  689246ms] [LOG] %c[Vercel Web Analytics]%c [view] http://localhost:3000/contact color: rgb(120, 120, 120) color: inherit {o: http://localhost:3000/contact, sv: 0.1.3, sdkn: @vercel/analytics/react, sdkv: 2.0.1, ts: 1775677332318} /_vercel/insights/view @ http://localhost:3000/_next/static/chunks/node_modules_next_dist_115brz8._.js:2431
[  689249ms] [LOG] %c[Vercel Speed Insights]%c Debug mode is enabled by default in development. No requests will be sent to the server. color: rgb(120, 120, 120) color: inherit @ http://localhost:3000/_next/static/chunks/node_modules_next_dist_115brz8._.js:2431
[  691032ms] [WARNING] Image with src "/logo.svg" was detected as the Largest Contentful Paint (LCP). Please add the `loading="eager"` property if this image is above the fold.
Read more: https://nextjs.org/docs/app/api-reference/components/image#loading @ http://localhost:3000/_next/static/chunks/node_modules_next_dist_115brz8._.js:2431
[  714878ms] [LOG] [HMR] connected @ http://localhost:3000/_next/static/chunks/node_modules_next_dist_115brz8._.js:2431
[  715203ms] [LOG] %c[Vercel Speed Insights]%c [vitals] color: rgb(120, 120, 120) color: inherit {speed: 4g, metrics: Array(3), scriptVersion: 0.1.3, sdkName: @vercel/speed-insights/next, sdkVersion: 2.0.0} /_vercel/speed-insights/vitals @ http://localhost:3000/_next/static/chunks/node_modules_next_dist_115brz8._.js:2431
[  715203ms] [LOG] %c[Vercel Speed Insights]%c [vitals] color: rgb(120, 120, 120) color: inherit {speed: 4g, metrics: Array(1), scriptVersion: 0.1.3, sdkName: @vercel/speed-insights/next, sdkVersion: 2.0.0} /_vercel/speed-insights/vitals @ http://localhost:3000/_next/static/chunks/node_modules_next_dist_115brz8._.js:2431
[  715291ms] [INFO] %cDownload the React DevTools for a better development experience: https://react.dev/link/react-devtools font-weight:bold @ http://localhost:3000/_next/static/chunks/node_modules_next_dist_115brz8._.js:2431
[  715308ms] [LOG] [HMR] connected @ http://localhost:3000/_next/static/chunks/node_modules_next_dist_115brz8._.js:2431
[  715350ms] [WARNING] Image with src "http://localhost:3000/logo.svg" has either width or height modified, but not the other. If you use CSS to change the size of your image, also include the styles 'width: "auto"' or 'height: "auto"' to maintain the aspect ratio. @ http://localhost:3000/_next/static/chunks/node_modules_next_dist_115brz8._.js:2431
[  715351ms] [LOG] %c[Vercel Web Analytics]%c Debug mode is enabled by default in development. No requests will be sent to the server. color: rgb(120, 120, 120) color: inherit @ http://localhost:3000/_next/static/chunks/node_modules_next_dist_115brz8._.js:2431
[  715351ms] [LOG] %c[Vercel Web Analytics]%c [view] http://localhost:3000/contact color: rgb(120, 120, 120) color: inherit {o: http://localhost:3000/contact, sv: 0.1.3, sdkn: @vercel/analytics/react, sdkv: 2.0.1, ts: 1775677358424} /_vercel/insights/view @ http://localhost:3000/_next/static/chunks/node_modules_next_dist_115brz8._.js:2431
[  715365ms] [LOG] %c[Vercel Speed Insights]%c Debug mode is enabled by default in development. No requests will be sent to the server. color: rgb(120, 120, 120) color: inherit @ http://localhost:3000/_next/static/chunks/node_modules_next_dist_115brz8._.js:2431
[  716220ms] [WARNING] Image with src "/logo.svg" was detected as the Largest Contentful Paint (LCP). Please add the `loading="eager"` property if this image is above the fold.
Read more: https://nextjs.org/docs/app/api-reference/components/image#loading @ http://localhost:3000/_next/static/chunks/node_modules_next_dist_115brz8._.js:2431
[  722361ms] [LOG] [Fast Refresh] rebuilding @ http://localhost:3000/_next/static/chunks/node_modules_next_dist_115brz8._.js:2431
[  722466ms] [LOG] [Fast Refresh] done in 62ms @ http://localhost:3000/_next/static/chunks/node_modules_next_dist_115brz8._.js:2431
[  741702ms] [LOG] [Fast Refresh] rebuilding @ http://localhost:3000/_next/static/chunks/node_modules_next_dist_115brz8._.js:2431
[  742017ms] [LOG] [Fast Refresh] done in 417ms @ http://localhost:3000/_next/static/chunks/node_modules_next_dist_115brz8._.js:2431
[  743194ms] [LOG] [Fast Refresh] rebuilding @ http://localhost:3000/_next/static/chunks/node_modules_next_dist_115brz8._.js:2431
[  743410ms] [LOG] [Fast Refresh] done in 316ms @ http://localhost:3000/_next/static/chunks/node_modules_next_dist_115brz8._.js:2431
