[     108ms] [LOG] [Fast Refresh] rebuilding @ http://localhost:3000/_next/static/chunks/node_modules_next_dist_115brz8._.js:2431
[     171ms] [LOG] [Fast Refresh] done in 163ms @ http://localhost:3000/_next/static/chunks/node_modules_next_dist_115brz8._.js:2431
[     176ms] [LOG] %c[Vercel Speed Insights]%c [vitals] color: rgb(120, 120, 120) color: inherit {speed: 4g, metrics: Array(1), scriptVersion: 0.1.3, sdkName: @vercel/speed-insights/next, sdkVersion: 2.0.0} /_vercel/speed-insights/vitals @ http://localhost:3000/_next/static/chunks/node_modules_next_dist_115brz8._.js:2431
[     177ms] [LOG] %c[Vercel Speed Insights]%c [vitals] color: rgb(120, 120, 120) color: inherit {speed: 4g, metrics: Array(1), scriptVersion: 0.1.3, sdkName: @vercel/speed-insights/next, sdkVersion: 2.0.0} /_vercel/speed-insights/vitals @ http://localhost:3000/_next/static/chunks/node_modules_next_dist_115brz8._.js:2431
[     239ms] [INFO] %cDownload the React DevTools for a better development experience: https://react.dev/link/react-devtools font-weight:bold @ http://localhost:3000/_next/static/chunks/node_modules_next_dist_115brz8._.js:2431
[     256ms] [LOG] [HMR] connected @ http://localhost:3000/_next/static/chunks/node_modules_next_dist_115brz8._.js:2431
[     280ms] [WARNING] Image with src "/logo.svg" was detected as the Largest Contentful Paint (LCP). Please add the `loading="eager"` property if this image is above the fold.
Read more: https://nextjs.org/docs/app/api-reference/components/image#loading @ http://localhost:3000/_next/static/chunks/node_modules_next_dist_115brz8._.js:2431
[     307ms] [WARNING] Image with src "http://localhost:3000/logo.svg" has either width or height modified, but not the other. If you use CSS to change the size of your image, also include the styles 'width: "auto"' or 'height: "auto"' to maintain the aspect ratio. @ http://localhost:3000/_next/static/chunks/node_modules_next_dist_115brz8._.js:2431
[     321ms] [LOG] %c[Vercel Web Analytics]%c Debug mode is enabled by default in development. No requests will be sent to the server. color: rgb(120, 120, 120) color: inherit @ http://localhost:3000/_next/static/chunks/node_modules_next_dist_115brz8._.js:2431
[     321ms] [LOG] %c[Vercel Web Analytics]%c [view] http://localhost:3000/experience color: rgb(120, 120, 120) color: inherit {o: http://localhost:3000/experience, sv: 0.1.3, sdkn: @vercel/analytics/react, sdkv: 2.0.1, ts: 1776279690373} /_vercel/insights/view @ http://localhost:3000/_next/static/chunks/node_modules_next_dist_115brz8._.js:2431
[     321ms] [LOG] %c[Vercel Speed Insights]%c Debug mode is enabled by default in development. No requests will be sent to the server. color: rgb(120, 120, 120) color: inherit @ http://localhost:3000/_next/static/chunks/node_modules_next_dist_115brz8._.js:2431
[  213167ms] [ERROR] WebSocket connection to 'ws://localhost:3000/_next/webpack-hmr?id=ND8Ige7fGxBPllhTdCTpR' failed: Error in connection establishment: net::ERR_CONNECTION_REFUSED @ http://localhost:3000/_next/static/chunks/node_modules_next_dist_client_0fhqo1d._.js:13299
[  216514ms] [ERROR] WebSocket connection to 'ws://localhost:3000/_next/webpack-hmr?id=ND8Ige7fGxBPllhTdCTpR' failed: Error in connection establishment: net::ERR_CONNECTION_REFUSED @ http://localhost:3000/_next/static/chunks/node_modules_next_dist_client_0fhqo1d._.js:13299
[  219877ms] [ERROR] WebSocket connection to 'ws://localhost:3000/_next/webpack-hmr?id=ND8Ige7fGxBPllhTdCTpR' failed: Error in connection establishment: net::ERR_CONNECTION_REFUSED @ http://localhost:3000/_next/static/chunks/node_modules_next_dist_client_0fhqo1d._.js:13299
[  223231ms] [ERROR] WebSocket connection to 'ws://localhost:3000/_next/webpack-hmr?id=ND8Ige7fGxBPllhTdCTpR' failed: Error in connection establishment: net::ERR_CONNECTION_REFUSED @ http://localhost:3000/_next/static/chunks/node_modules_next_dist_client_0fhqo1d._.js:13299
[  226599ms] [ERROR] WebSocket connection to 'ws://localhost:3000/_next/webpack-hmr?id=ND8Ige7fGxBPllhTdCTpR' failed: Error in connection establishment: net::ERR_CONNECTION_REFUSED @ http://localhost:3000/_next/static/chunks/node_modules_next_dist_client_0fhqo1d._.js:13299
[  233942ms] [ERROR] WebSocket connection to 'ws://localhost:3000/_next/webpack-hmr?id=ND8Ige7fGxBPllhTdCTpR' failed: Error in connection establishment: net::ERR_CONNECTION_REFUSED @ http://localhost:3000/_next/static/chunks/node_modules_next_dist_client_0fhqo1d._.js:13299
[  241289ms] [ERROR] WebSocket connection to 'ws://localhost:3000/_next/webpack-hmr?id=ND8Ige7fGxBPllhTdCTpR' failed: Error in connection establishment: net::ERR_CONNECTION_REFUSED @ http://localhost:3000/_next/static/chunks/node_modules_next_dist_client_0fhqo1d._.js:13299
[  248654ms] [ERROR] WebSocket connection to 'ws://localhost:3000/_next/webpack-hmr?id=ND8Ige7fGxBPllhTdCTpR' failed: Error in connection establishment: net::ERR_CONNECTION_REFUSED @ http://localhost:3000/_next/static/chunks/node_modules_next_dist_client_0fhqo1d._.js:13299
[  256008ms] [ERROR] WebSocket connection to 'ws://localhost:3000/_next/webpack-hmr?id=ND8Ige7fGxBPllhTdCTpR' failed: Error in connection establishment: net::ERR_CONNECTION_REFUSED @ http://localhost:3000/_next/static/chunks/node_modules_next_dist_client_0fhqo1d._.js:13299
[  263371ms] [ERROR] WebSocket connection to 'ws://localhost:3000/_next/webpack-hmr?id=ND8Ige7fGxBPllhTdCTpR' failed: Error in connection establishment: net::ERR_CONNECTION_REFUSED @ http://localhost:3000/_next/static/chunks/node_modules_next_dist_client_0fhqo1d._.js:13299
[  270763ms] [ERROR] WebSocket connection to 'ws://localhost:3000/_next/webpack-hmr?id=ND8Ige7fGxBPllhTdCTpR' failed: Error in connection establishment: net::ERR_CONNECTION_REFUSED @ http://localhost:3000/_next/static/chunks/node_modules_next_dist_client_0fhqo1d._.js:13299
[  278228ms] [ERROR] WebSocket connection to 'ws://localhost:3000/_next/webpack-hmr?id=ND8Ige7fGxBPllhTdCTpR' failed: Error in connection establishment: net::ERR_CONNECTION_REFUSED @ http://localhost:3000/_next/static/chunks/node_modules_next_dist_client_0fhqo1d._.js:13299
